[debug] > Exec(early(addDefaultCommands), None, None)
[debug] > Exec(addDefaultCommands, None, None)
[debug] > Exec(early(initialize), None, None)
[debug] > Exec(initialize, None, None)
[debug] > Exec(boot, None, None)
[debug] > Exec(writeSbtVersion, None, None)
[debug] > Exec(reload, None, None)
[debug] > Exec(sbtStashOnFailure, None, None)
[debug] > Exec(onFailure loadFailed, None, None)
[debug] > Exec(loadp, None, None)
[info] welcome to sbt 1.5.8 (Oracle Corporation Java 17.0.2)
[debug]       Load.loadUnit: plugins took 120.614973ms
[debug]       Load.loadUnit: defsScala took 0.855949ms
[debug] [Loading] Scanning directory /Users/andrey/.sbt/1.0/plugins
[debug] [Loading] Found non-root projects 
[debug] [Loading] Done in /Users/andrey/.sbt/1.0/plugins, returning: ()
[debug] deducing auto plugins based on known facts Set(Atom(sbt.plugins.CorePlugin)) and clauses Clauses(Clause(Atom(sbt.plugins.JvmPlugin),Set(Atom(sbt.plugins.IvyPlugin)))
[debug] Clause(Atom(sbt.ScriptedPlugin),Set(Atom(sbt.plugins.JvmPlugin)))
[debug] Clause(Atom(sbt.plugins.SbtPlugin),Set(Atom(sbt.ScriptedPlugin)))
[debug] Clause(Atom(sbt.plugins.SemanticdbPlugin),Set(Atom(sbt.plugins.JvmPlugin)))
[debug] Clause(Atom(sbt.plugins.JUnitXmlReportPlugin),Set(Atom(sbt.plugins.JvmPlugin)))
[debug] Clause(Atom(sbt.plugins.MiniDependencyTreePlugin),Set(Atom(sbt.plugins.JvmPlugin)))
[debug] Clause(Atom(sbt.plugins.CorePlugin),Set(Atom(sbt.plugins.IvyPlugin)))
[debug] Clause(Atom(sbt.plugins.IvyPlugin),Set(Atom(sbt.plugins.JvmPlugin)))
[debug] Clause(Atom(sbt.plugins.JvmPlugin),Set(Atom(sbt.plugins.SemanticdbPlugin)))
[debug] Clause(Atom(sbt.plugins.JvmPlugin),Set(Atom(sbt.plugins.JUnitXmlReportPlugin)))
[debug] Clause(Atom(sbt.plugins.CorePlugin),Set(Atom(sbt.plugins.Giter8TemplatePlugin)))
[debug] Clause(Atom(sbt.plugins.JvmPlugin),Set(Atom(sbt.plugins.MiniDependencyTreePlugin))))
[debug]   :: deduced result: Matched(sbt.plugins.CorePlugin,sbt.plugins.Giter8TemplatePlugin,sbt.plugins.IvyPlugin,sbt.plugins.JvmPlugin,sbt.plugins.MiniDependencyTreePlugin,sbt.plugins.JUnitXmlReportPlugin,sbt.plugins.SemanticdbPlugin)
[debug] Plugins.deducer#function took 27.50298 ms
[debug]           Load.resolveProject(global-plugins) took 58.66642ms
[debug]         Load.loadTransitive: finalizeProject(Project(id global-plugins, base: /Users/andrey/.sbt/1.0/plugins, plugins: List(<none>))) took 124.402554ms
[debug] [Loading] Done in /Users/andrey/.sbt/1.0/plugins, returning: (global-plugins)
[debug]       Load.loadUnit: loadedProjectsRaw took 169.410418ms
[debug]       Load.loadUnit: cleanEvalClasses took 0.412024ms
[debug]     Load.loadUnit(file:/Users/andrey/.sbt/1.0/plugins/, ...) took 308.758468ms
[debug]   Load.apply: load took 5934.888419ms
[debug]   Load.apply: resolveProjects took 7.114536ms
[debug]   Load.apply: finalTransforms took 94.173906ms
[debug]   Load.apply: config.delegates took 12.390489ms
[debug]   Load.apply: Def.make(settings)... took 652.228118ms
[debug]   Load.apply: structureIndex took 151.369013ms
[debug]   Load.apply: mkStreams took 2.254421ms
[info] loading global plugins from /Users/andrey/.sbt/1.0/plugins
[debug] Running task... Cancel: Signal, check cycles: false, forcegc: true
[debug] Load.defaultLoad until apply took 9253.068073ms
[debug]           Load.loadUnit: plugins took 29.639675ms
[debug]           Load.loadUnit: defsScala took 0.007588ms
[debug] [Loading] Scanning directory /Users/andrey/Projects/Tinkoff_Scala/lesson-9/project
[debug] [Loading] Found non-root projects 
[debug] [Loading] Done in /Users/andrey/Projects/Tinkoff_Scala/lesson-9/project, returning: ()
[debug] deducing auto plugins based on known facts Set(Atom(sbt.plugins.CorePlugin)) and clauses Clauses(Clause(Atom(sbt.plugins.JvmPlugin),Set(Atom(sbt.plugins.IvyPlugin)))
[debug] Clause(Atom(sbt.ScriptedPlugin),Set(Atom(sbt.plugins.JvmPlugin)))
[debug] Clause(Atom(sbt.plugins.SbtPlugin),Set(Atom(sbt.ScriptedPlugin)))
[debug] Clause(Atom(sbt.plugins.SemanticdbPlugin),Set(Atom(sbt.plugins.JvmPlugin)))
[debug] Clause(Atom(sbt.plugins.JUnitXmlReportPlugin),Set(Atom(sbt.plugins.JvmPlugin)))
[debug] Clause(Atom(sbt.plugins.MiniDependencyTreePlugin),Set(Atom(sbt.plugins.JvmPlugin)))
[debug] Clause(Atom(sbt.plugins.CorePlugin),Set(Atom(sbt.plugins.IvyPlugin)))
[debug] Clause(Atom(sbt.plugins.IvyPlugin),Set(Atom(sbt.plugins.JvmPlugin)))
[debug] Clause(Atom(sbt.plugins.JvmPlugin),Set(Atom(sbt.plugins.SemanticdbPlugin)))
[debug] Clause(Atom(sbt.plugins.JvmPlugin),Set(Atom(sbt.plugins.JUnitXmlReportPlugin)))
[debug] Clause(Atom(sbt.plugins.CorePlugin),Set(Atom(sbt.plugins.Giter8TemplatePlugin)))
[debug] Clause(Atom(sbt.plugins.JvmPlugin),Set(Atom(sbt.plugins.MiniDependencyTreePlugin))))
[debug]   :: deduced result: Matched(sbt.plugins.CorePlugin,sbt.plugins.Giter8TemplatePlugin,sbt.plugins.IvyPlugin,sbt.plugins.JvmPlugin,sbt.plugins.MiniDependencyTreePlugin,sbt.plugins.JUnitXmlReportPlugin,sbt.plugins.SemanticdbPlugin)
[debug] Plugins.deducer#function took 5.576764 ms
[debug]               Load.resolveProject(lesson-9-build) took 1.774156ms
[debug]             Load.loadTransitive: finalizeProject(Project(id lesson-9-build, base: /Users/andrey/Projects/Tinkoff_Scala/lesson-9/project, plugins: List(<none>))) took 8.362795ms
[debug] [Loading] Done in /Users/andrey/Projects/Tinkoff_Scala/lesson-9/project, returning: (lesson-9-build)
[debug]           Load.loadUnit: loadedProjectsRaw took 11.69636ms
[debug]           Load.loadUnit: cleanEvalClasses took 0.021782ms
[debug]         Load.loadUnit(file:/Users/andrey/Projects/Tinkoff_Scala/lesson-9/project/, ...) took 42.563523ms
[debug]       Load.apply: load took 44.930059ms
[debug]       Load.apply: resolveProjects took 0.145844ms
[debug]       Load.apply: finalTransforms took 19.318179ms
[debug]       Load.apply: config.delegates took 0.651734ms
[debug]       Load.apply: Def.make(settings)... took 169.905681ms
[debug]       Load.apply: structureIndex took 43.6154ms
[debug]       Load.apply: mkStreams took 0.003205ms
[info] loading project definition from /Users/andrey/Projects/Tinkoff_Scala/lesson-9/project
[debug] Running task... Cancel: Signal, check cycles: false, forcegc: true
[debug]     Load.loadUnit: plugins took 624.368754ms
[debug]     Load.loadUnit: defsScala took 0.004265ms
[debug] [Loading] Scanning directory /Users/andrey/Projects/Tinkoff_Scala/lesson-9
[debug]       Load.loadUnit: mkEval took 5.919826ms
[debug] [Loading] Found non-root projects 
[debug] [Loading] Done in /Users/andrey/Projects/Tinkoff_Scala/lesson-9, returning: ()
[debug] deducing auto plugins based on known facts Set(Atom(sbt.plugins.CorePlugin)) and clauses Clauses(Clause(Atom(sbt.plugins.JvmPlugin),Set(Atom(sbt.plugins.IvyPlugin)))
[debug] Clause(Atom(sbt.ScriptedPlugin),Set(Atom(sbt.plugins.JvmPlugin)))
[debug] Clause(Atom(sbt.plugins.SbtPlugin),Set(Atom(sbt.ScriptedPlugin)))
[debug] Clause(Atom(sbt.plugins.SemanticdbPlugin),Set(Atom(sbt.plugins.JvmPlugin)))
[debug] Clause(Atom(sbt.plugins.JUnitXmlReportPlugin),Set(Atom(sbt.plugins.JvmPlugin)))
[debug] Clause(Atom(sbt.plugins.MiniDependencyTreePlugin),Set(Atom(sbt.plugins.JvmPlugin)))
[debug] Clause(Atom(sbt.plugins.CorePlugin),Set(Atom(sbt.plugins.IvyPlugin)))
[debug] Clause(Atom(sbt.plugins.IvyPlugin),Set(Atom(sbt.plugins.JvmPlugin)))
[debug] Clause(Atom(sbt.plugins.JvmPlugin),Set(Atom(sbt.plugins.SemanticdbPlugin)))
[debug] Clause(Atom(sbt.plugins.JvmPlugin),Set(Atom(sbt.plugins.JUnitXmlReportPlugin)))
[debug] Clause(Atom(sbt.plugins.CorePlugin),Set(Atom(sbt.plugins.Giter8TemplatePlugin)))
[debug] Clause(Atom(sbt.plugins.JvmPlugin),Set(Atom(sbt.plugins.MiniDependencyTreePlugin))))
[debug]   :: deduced result: Matched(sbt.plugins.CorePlugin,sbt.plugins.Giter8TemplatePlugin,sbt.plugins.IvyPlugin,sbt.plugins.JvmPlugin,sbt.plugins.MiniDependencyTreePlugin,sbt.plugins.JUnitXmlReportPlugin,sbt.plugins.SemanticdbPlugin)
[debug] Plugins.deducer#function took 2.153395 ms
[info] loading settings for project lesson-9 from build.sbt ...
[debug]         Load.resolveProject(lesson-9) took 4.308719ms
[debug]       Load.loadTransitive: finalizeProject(Project(id lesson-9, base: /Users/andrey/Projects/Tinkoff_Scala/lesson-9, plugins: List(<none>))) took 7.340299ms
[debug] [Loading] Done in /Users/andrey/Projects/Tinkoff_Scala/lesson-9, returning: (lesson-9)
[debug]     Load.loadUnit: loadedProjectsRaw took 3356.870575ms
[debug]     Load.loadUnit: cleanEvalClasses took 11.117484ms
[debug]   Load.loadUnit(file:/Users/andrey/Projects/Tinkoff_Scala/lesson-9/, ...) took 3993.24594ms
[debug] Load.apply: load took 3995.152334ms
[debug] Load.apply: resolveProjects took 0.121045ms
[debug] Load.apply: finalTransforms took 17.366007ms
[debug] Load.apply: config.delegates took 0.59551ms
[debug] Load.apply: Def.make(settings)... took 157.604964ms
[debug] Load.apply: structureIndex took 42.677719ms
[debug] Load.apply: mkStreams took 0.002777ms
[info] set current project to lesson-9 (in build file:/Users/andrey/Projects/Tinkoff_Scala/lesson-9/)
[debug] > Exec(sbtPopOnFailure, None, None)
[debug] > Exec(resumeFromFailure, None, None)
[debug] > Exec(notifyUsersAboutShell, None, None)
[debug] > Exec(iflast shell, None, None)
[debug] > Exec(shell, None, None)
[info] sbt server started at local:///Users/andrey/.sbt/1.0/server/f25926ea7111f0093cec/sock
[debug] Writing bsp connection file
[info] started sbt server
